2026-03-25 22:16:23,816 dev INFO [example.py:main]: Document 1: 
        Marketing relies heavily on social media platforms. Social media 
        enables direct cu ...
2026-03-25 22:16:23,816 dev INFO [example.py:main]: Document 2: 
        Machine Learning requires large amounts of quality data. Deep Learning 
        is a subset ...
2026-03-25 22:16:41,010 dev INFO [example.py:main]: Graph Summary:
2026-03-25 22:16:42,847 dev INFO [example.py:main]:   Nodes: 11
2026-03-25 22:16:42,847 dev INFO [example.py:main]:   Edges: 11
2026-03-25 22:16:42,847 dev INFO [example.py:main]:   Avg Degree: 2.00
2026-03-25 22:16:42,847 dev INFO [example.py:main]:   Relationship types: {'related_to': 4, 'enables': 2, 'depends_on': 2, 'similar_to': 2, 'requires': 6, 'relies_on': 2, 'supports': 2, 'influences': 2}
2026-03-25 22:16:42,849 dev INFO [example.py:main]:   Top entities: [('Digital Marketing', 3), ('Data Analysis', 3), ('Deep Learning', 3)]
2026-03-25 22:16:42,849 dev INFO [example.py:main]: Query 1: Relationships for 'Marketing'
2026-03-25 22:16:44,943 dev INFO [example.py:main]:   Incoming (0):
2026-03-25 22:16:44,943 dev INFO [example.py:main]:   Outgoing (2):
2026-03-25 22:16:44,943 dev INFO [example.py:main]:     Marketing --[relies_on]--> Social Media
2026-03-25 22:16:44,943 dev INFO [example.py:main]:     Marketing --[supports]--> Sales
2026-03-25 22:16:44,943 dev INFO [example.py:main]:   Total connections: 2
2026-03-25 22:16:44,943 dev INFO [example.py:main]: Query 2: Neighbors of 'Marketing' (depth 1)
2026-03-25 22:16:45,352 dev INFO [example.py:main]:   Entity: Marketing
2026-03-25 22:16:45,353 dev INFO [example.py:main]:   Neighbors (2):
2026-03-25 22:16:45,353 dev INFO [example.py:main]:     - Sales (supports)
2026-03-25 22:16:45,353 dev INFO [example.py:main]:     - Social Media (relies_on)
2026-03-25 22:16:45,353 dev INFO [example.py:main]: Query 3: Batch query for multiple entities
2026-03-25 22:16:49,142 dev INFO [example.py:main]:   Marketing: 2 connections
2026-03-25 22:16:49,142 dev INFO [example.py:main]:   Data: 2 connections
2026-03-25 22:16:49,142 dev INFO [example.py:main]:   Social Media: 2 connections
2026-03-25 22:16:49,142 dev INFO [example.py:main]: Graph store ready for queries. Call graph_store.close() to disconnect.
2026-03-25 22:19:00,280 dev DEBUG [example.py:main]: Document 1: 
        Marketing relies heavily on social media platforms. Social media 
        enables direct cu ...
2026-03-25 22:19:00,280 dev DEBUG [example.py:main]: Document 2: 
        Machine Learning requires large amounts of quality data. Deep Learning 
        is a subset ...
2026-03-25 22:19:12,302 dev DEBUG [example.py:main]: Graph Summary:
2026-03-25 22:19:13,217 dev DEBUG [example.py:main]:   Nodes: 10
2026-03-25 22:19:13,217 dev DEBUG [example.py:main]:   Edges: 12
2026-03-25 22:19:13,217 dev DEBUG [example.py:main]:   Avg Degree: 2.40
2026-03-25 22:19:13,218 dev DEBUG [example.py:main]:   Relationship types: {'supports': 2, 'relies_on': 2, 'related_to': 6, 'influences': 2, 'requires': 6, 'similar_to': 2, 'enables': 4}
2026-03-25 22:19:13,218 dev DEBUG [example.py:main]:   Top entities: [('Model Training', 4), ('Machine Learning', 3), ('Digital Marketing', 3)]
2026-03-25 22:19:13,218 dev DEBUG [example.py:main]: Query 1: Relationships for 'Marketing'
2026-03-25 22:19:14,210 dev DEBUG [example.py:main]:   Incoming (0):
2026-03-25 22:19:14,210 dev DEBUG [example.py:main]:   Outgoing (2):
2026-03-25 22:19:14,211 dev DEBUG [example.py:main]:     Marketing --[supports]--> Digital Marketing
2026-03-25 22:19:14,211 dev DEBUG [example.py:main]:     Marketing --[relies_on]--> Social Media
2026-03-25 22:19:14,211 dev DEBUG [example.py:main]:   Total connections: 2
2026-03-25 22:19:14,211 dev DEBUG [example.py:main]: Query 2: Neighbors of 'Marketing' (depth 1)
2026-03-25 22:19:14,349 dev DEBUG [example.py:main]:   Entity: Marketing
2026-03-25 22:19:14,349 dev DEBUG [example.py:main]:   Neighbors (2):
2026-03-25 22:19:14,349 dev DEBUG [example.py:main]:     - Digital Marketing (supports)
2026-03-25 22:19:14,349 dev DEBUG [example.py:main]:     - Social Media (relies_on)
2026-03-25 22:19:14,349 dev DEBUG [example.py:main]: Query 2: Neighbors of 'Computer Vision' (depth 1)
2026-03-25 22:19:14,554 dev DEBUG [example.py:main]:   Entity: Computer Vision
2026-03-25 22:19:14,554 dev DEBUG [example.py:main]:   Neighbors (0):
2026-03-25 22:19:14,554 dev DEBUG [example.py:main]: Query 3: Batch query for multiple entities
2026-03-25 22:19:15,987 dev DEBUG [example.py:main]:   Marketing: 2 connections
2026-03-25 22:19:15,987 dev DEBUG [example.py:main]:   Data: 0 connections
2026-03-25 22:19:15,988 dev DEBUG [example.py:main]:   Social Media: 2 connections
2026-03-25 22:19:15,988 dev DEBUG [example.py:main]: Graph store ready for queries. Call graph_store.close() to disconnect.
2026-03-25 22:23:36,644 dev DEBUG [example.py:main]: Document 1: 
        Marketing relies heavily on social media platforms. Social media 
        enables direct cu ...
2026-03-25 22:23:36,644 dev DEBUG [example.py:main]: Document 2: 
        Machine Learning requires large amounts of quality data. Deep Learning 
        is a subset ...
2026-03-25 22:23:50,214 dev DEBUG [example.py:main]: Graph Summary:
2026-03-25 22:23:50,925 dev DEBUG [example.py:main]:   Nodes: 10
2026-03-25 22:23:50,925 dev DEBUG [example.py:main]:   Edges: 12
2026-03-25 22:23:50,925 dev DEBUG [example.py:main]:   Avg Degree: 2.40
2026-03-25 22:23:50,925 dev DEBUG [example.py:main]:   Relationship types: {'enables': 2, 'depends_on': 2, 'similar_to': 2, 'relies_on': 2, 'related_to': 4, 'supports': 4, 'influences': 2, 'requires': 6}
2026-03-25 22:23:50,926 dev DEBUG [example.py:main]:   Top entities: [('Digital Marketing', 5), ('Machine Learning', 4), ('Deep Learning', 3)]
2026-03-25 22:23:50,926 dev DEBUG [example.py:main]: Query 1: Relationships for 'Marketing'
2026-03-25 22:23:51,471 dev DEBUG [example.py:main]:   Incoming (0):
2026-03-25 22:23:51,471 dev DEBUG [example.py:main]:   Outgoing (3):
2026-03-25 22:23:51,471 dev DEBUG [example.py:main]:     Marketing --[relies_on]--> Social Media
2026-03-25 22:23:51,472 dev DEBUG [example.py:main]:     Marketing --[related_to]--> Digital Marketing
2026-03-25 22:23:51,472 dev DEBUG [example.py:main]:     Marketing --[supports]--> Digital Marketing
2026-03-25 22:23:51,472 dev DEBUG [example.py:main]:   Total connections: 3
2026-03-25 22:23:51,472 dev DEBUG [example.py:main]: Query 2: Neighbors of 'Marketing' (depth 1)
2026-03-25 22:23:51,604 dev DEBUG [example.py:main]:   Entity: Marketing
2026-03-25 22:23:51,604 dev DEBUG [example.py:main]:   Neighbors (3):
2026-03-25 22:23:51,604 dev DEBUG [example.py:main]:     - Digital Marketing (related_to)
2026-03-25 22:23:51,604 dev DEBUG [example.py:main]:     - Digital Marketing (supports)
2026-03-25 22:23:51,604 dev DEBUG [example.py:main]:     - Social Media (relies_on)
2026-03-25 22:23:51,604 dev DEBUG [example.py:main]: Query 2: Neighbors of 'Computer Vision' (depth 1)
2026-03-25 22:23:51,728 dev DEBUG [example.py:main]:   Entity: Computer Vision
2026-03-25 22:23:51,728 dev DEBUG [example.py:main]:   Neighbors (0):
2026-03-25 22:23:51,728 dev DEBUG [example.py:main]: Query 3: Batch query for multiple entities
2026-03-25 22:23:53,302 dev DEBUG [example.py:main]:   Marketing: 3 connections
2026-03-25 22:23:53,302 dev DEBUG [example.py:main]:   Data: 0 connections
2026-03-25 22:23:53,302 dev DEBUG [example.py:main]:   Social Media: 2 connections
2026-03-25 22:23:53,302 dev DEBUG [example.py:main]: Graph store ready for queries. Call graph_store.close() to disconnect.
2026-03-25 22:28:36,441 dev DEBUG [example.py:main]: Graph Summary:
2026-03-25 22:28:38,173 dev DEBUG [example.py:main]:   Nodes: 10
2026-03-25 22:28:38,173 dev DEBUG [example.py:main]:   Edges: 11
2026-03-25 22:28:38,174 dev DEBUG [example.py:main]:   Avg Degree: 2.20
2026-03-25 22:28:38,174 dev DEBUG [example.py:main]:   Relationship types: {'depends_on': 2, 'requires': 4, 'related_to': 4, 'relies_on': 4, 'supports': 2, 'enables': 2, 'influences': 2, 'similar_to': 2}
2026-03-25 22:28:38,174 dev DEBUG [example.py:main]:   Top entities: [('Deep Learning', 4), ('Machine Learning', 3), ('Digital Marketing', 3)]
2026-03-25 22:28:38,174 dev DEBUG [example.py:main]: Query 1: Relationships for 'Marketing'
2026-03-25 22:28:39,379 dev DEBUG [example.py:main]:   Incoming (0):
2026-03-25 22:28:39,380 dev DEBUG [example.py:main]:   Outgoing (2):
2026-03-25 22:28:39,380 dev DEBUG [example.py:main]:     Marketing --[relies_on]--> Social Media
2026-03-25 22:28:39,380 dev DEBUG [example.py:main]:     Marketing --[supports]--> Digital Marketing
2026-03-25 22:28:39,380 dev DEBUG [example.py:main]:   Total connections: 2
2026-03-25 22:28:39,380 dev DEBUG [example.py:main]: Query 2: Neighbors of 'Marketing' (depth 1)
2026-03-25 22:28:39,679 dev DEBUG [example.py:main]:   Entity: Marketing
2026-03-25 22:28:39,679 dev DEBUG [example.py:main]:   Neighbors (5):
2026-03-25 22:28:39,679 dev DEBUG [example.py:main]:     - Data Analysis (requires)
2026-03-25 22:28:39,679 dev DEBUG [example.py:main]:     - Digital Marketing (enables)
2026-03-25 22:28:39,679 dev DEBUG [example.py:main]:     - Digital Marketing (supports)
2026-03-25 22:28:39,679 dev DEBUG [example.py:main]:     - Social Media (relies_on)
2026-03-25 22:28:39,679 dev DEBUG [example.py:main]:     - Social Media (enables)
2026-03-25 22:28:39,679 dev DEBUG [example.py:main]: Query 2: Neighbors of 'Computer Vision' (depth 1)
2026-03-25 22:28:40,047 dev DEBUG [example.py:main]:   Entity: Computer Vision
2026-03-25 22:28:40,047 dev DEBUG [example.py:main]:   Neighbors (0):
2026-03-25 22:28:40,047 dev DEBUG [example.py:main]: Query 3: Batch query for multiple entities
2026-03-25 22:28:43,184 dev DEBUG [example.py:main]:   Marketing: 2 connections
2026-03-25 22:28:43,185 dev DEBUG [example.py:main]:   Data: 0 connections
2026-03-25 22:28:43,185 dev DEBUG [example.py:main]:   Social Media: 2 connections
2026-03-25 22:28:43,185 dev DEBUG [example.py:main]: Graph store ready for queries. Call graph_store.close() to disconnect.
2026-03-25 22:31:46,264 dev DEBUG [example.py:main]: Graph Summary:
2026-03-25 22:31:47,132 dev DEBUG [example.py:main]:   Nodes: 10
2026-03-25 22:31:47,132 dev DEBUG [example.py:main]:   Edges: 11
2026-03-25 22:31:47,132 dev DEBUG [example.py:main]:   Avg Degree: 2.20
2026-03-25 22:31:47,132 dev DEBUG [example.py:main]:   Relationship types: {'enables': 4, 'influences': 2, 'requires': 8, 'related_to': 2, 'relies_on': 2, 'supports': 2, 'similar_to': 2}
2026-03-25 22:31:47,132 dev DEBUG [example.py:main]:   Top entities: [('Machine Learning', 4), ('Digital Marketing', 4), ('Deep Learning', 3)]
2026-03-25 22:31:47,133 dev DEBUG [example.py:main]: Query 1: Relationships for 'Marketing'
2026-03-25 22:31:47,848 dev DEBUG [example.py:main]:   Incoming (0):
2026-03-25 22:31:47,849 dev DEBUG [example.py:main]:   Outgoing (2):
2026-03-25 22:31:47,849 dev DEBUG [example.py:main]:     Marketing --[relies_on]--> Social Media
2026-03-25 22:31:47,849 dev DEBUG [example.py:main]:     Marketing --[supports]--> Digital Marketing
2026-03-25 22:31:47,849 dev DEBUG [example.py:main]:   Total connections: 2
2026-03-25 22:31:47,849 dev DEBUG [example.py:main]: Query 2: Neighbors of 'Marketing' (depth 2)
2026-03-25 22:31:48,024 dev DEBUG [example.py:main]:   Entity: Marketing
2026-03-25 22:31:48,024 dev DEBUG [example.py:main]:   Neighbors (4):
2026-03-25 22:31:48,024 dev DEBUG [example.py:main]:     - Audience Segmentation (requires)
2026-03-25 22:31:48,024 dev DEBUG [example.py:main]:     - Data Analysis (requires)
2026-03-25 22:31:48,024 dev DEBUG [example.py:main]:     - Digital Marketing (enables, supports)
2026-03-25 22:31:48,024 dev DEBUG [example.py:main]:     - Social Media (relies_on, enables)
2026-03-25 22:31:48,024 dev DEBUG [example.py:main]: Query 2: Neighbors of 'Computer Vision' (depth 2)
2026-03-25 22:31:48,217 dev DEBUG [example.py:main]:   Entity: Computer Vision
2026-03-25 22:31:48,217 dev DEBUG [example.py:main]:   Neighbors (0):
2026-03-25 22:31:48,217 dev DEBUG [example.py:main]: Query 3: Batch query for multiple entities
2026-03-25 22:31:49,914 dev DEBUG [example.py:main]:   Marketing: 2 connections
2026-03-25 22:31:49,914 dev DEBUG [example.py:main]:   Data: 0 connections
2026-03-25 22:31:49,915 dev DEBUG [example.py:main]:   Social Media: 2 connections
2026-03-25 22:31:49,915 dev DEBUG [example.py:main]: Graph store ready for queries. Call graph_store.close() to disconnect.
2026-03-25 22:35:55,302 dev DEBUG [example.py:main]: Graph Summary:
2026-03-25 22:35:55,942 dev DEBUG [example.py:main]:   Nodes: 10
2026-03-25 22:35:55,943 dev DEBUG [example.py:main]:   Edges: 11
2026-03-25 22:35:55,943 dev DEBUG [example.py:main]:   Avg Degree: 2.20
2026-03-25 22:35:55,943 dev DEBUG [example.py:main]:   Relationship types: {'enables': 4, 'requires': 8, 'relies_on': 2, 'supports': 2, 'related_to': 2, 'influences': 2, 'similar_to': 2}
2026-03-25 22:35:55,943 dev DEBUG [example.py:main]:   Top entities: [('Digital Marketing', 4), ('Machine Learning', 4), ('Deep Learning', 3)]
2026-03-25 22:35:55,943 dev DEBUG [example.py:main]: Query 1: Relationships for 'Marketing'
2026-03-25 22:35:56,457 dev DEBUG [example.py:main]:   Incoming (0):
2026-03-25 22:35:56,457 dev DEBUG [example.py:main]:   Outgoing (2):
2026-03-25 22:35:56,457 dev DEBUG [example.py:main]:     Marketing --[relies_on]--> Social Media
2026-03-25 22:35:56,457 dev DEBUG [example.py:main]:     Marketing --[supports]--> Digital Marketing
2026-03-25 22:35:56,457 dev DEBUG [example.py:main]:   Total connections: 2
2026-03-25 22:35:56,457 dev DEBUG [example.py:main]: Query 2: Neighbors of 'Marketing' (depth 2)
2026-03-25 22:35:56,694 dev DEBUG [example.py:main]:   Entity: Marketing
2026-03-25 22:35:56,695 dev DEBUG [example.py:main]:   Neighbors (4):
2026-03-25 22:35:56,695 dev DEBUG [example.py:main]:     - Audience Segmentation [indirect via Digital Marketing] (supports -> requires)
2026-03-25 22:35:56,695 dev DEBUG [example.py:main]:     - Data Analysis [indirect via Digital Marketing] (supports -> requires)
2026-03-25 22:35:56,695 dev DEBUG [example.py:main]:     - Digital Marketing [direct] (enables, relies_on, supports)
2026-03-25 22:35:56,695 dev DEBUG [example.py:main]:     - Digital Marketing [indirect via Social Media] (relies_on -> enables)
2026-03-25 22:35:56,695 dev DEBUG [example.py:main]:     - Social Media [direct] (enables, relies_on, supports)
2026-03-25 22:35:56,695 dev DEBUG [example.py:main]:     - Social Media [indirect via Digital Marketing] (supports -> enables)
2026-03-25 22:35:56,695 dev DEBUG [example.py:main]: Query 2: Neighbors of 'Computer Vision' (depth 2)
2026-03-25 22:35:56,899 dev DEBUG [example.py:main]:   Entity: Computer Vision
2026-03-25 22:35:56,900 dev DEBUG [example.py:main]:   Neighbors (0):
2026-03-25 22:35:56,900 dev DEBUG [example.py:main]: Query 3: Batch query for multiple entities
2026-03-25 22:35:58,538 dev DEBUG [example.py:main]:   Marketing: 2 connections
2026-03-25 22:35:58,538 dev DEBUG [example.py:main]:   Data: 0 connections
2026-03-25 22:35:58,538 dev DEBUG [example.py:main]:   Social Media: 2 connections
2026-03-25 22:35:58,538 dev DEBUG [example.py:main]: Graph store ready for queries. Call graph_store.close() to disconnect.
2026-03-25 22:38:34,962 dev DEBUG [example.py:main]: Graph Summary:
2026-03-25 22:38:35,685 dev DEBUG [example.py:main]:   Nodes: 10
2026-03-25 22:38:35,686 dev DEBUG [example.py:main]:   Edges: 13
2026-03-25 22:38:35,686 dev DEBUG [example.py:main]:   Avg Degree: 2.60
2026-03-25 22:38:35,686 dev DEBUG [example.py:main]:   Relationship types: {'related_to': 4, 'influences': 2, 'enables': 4, 'relies_on': 2, 'supports': 2, 'requires': 8, 'depends_on': 2, 'similar_to': 2}
2026-03-25 22:38:35,686 dev DEBUG [example.py:main]:   Top entities: [('Marketing', 4), ('Model Training', 4), ('Deep Learning', 3)]
2026-03-25 22:38:35,686 dev DEBUG [example.py:main]: Query 1: Relationships for 'Marketing'
2026-03-25 22:38:36,166 dev DEBUG [example.py:main]:   Incoming (1):
2026-03-25 22:38:36,166 dev DEBUG [example.py:main]:     Social Media --[enables]--> Marketing
2026-03-25 22:38:36,166 dev DEBUG [example.py:main]:   Outgoing (3):
2026-03-25 22:38:36,166 dev DEBUG [example.py:main]:     Marketing --[relies_on]--> Social Media
2026-03-25 22:38:36,166 dev DEBUG [example.py:main]:     Marketing --[supports]--> Digital Marketing
2026-03-25 22:38:36,166 dev DEBUG [example.py:main]:     Marketing --[related_to]--> Digital Marketing
2026-03-25 22:38:36,166 dev DEBUG [example.py:main]:   Total connections: 4
2026-03-25 22:38:36,166 dev DEBUG [example.py:main]: Query 2: Neighbors of 'Marketing' (depth 2)
2026-03-25 22:38:36,299 dev DEBUG [example.py:main]:   Entity: Marketing
2026-03-25 22:38:36,300 dev DEBUG [example.py:main]:   Neighbors (4):
2026-03-25 22:38:36,300 dev DEBUG [example.py:main]:     - Marketing -supports-> Digital Marketing -requires-> Data Analysis
2026-03-25 22:38:36,300 dev DEBUG [example.py:main]:     - Marketing -related_to-> Digital Marketing -requires-> Data Analysis
2026-03-25 22:38:36,300 dev DEBUG [example.py:main]:     - Marketing -supports-> Digital Marketing
2026-03-25 22:38:36,300 dev DEBUG [example.py:main]:     - Marketing -related_to-> Digital Marketing
2026-03-25 22:38:36,300 dev DEBUG [example.py:main]:     - Marketing -relies_on-> Social Media -enables-> Marketing
2026-03-25 22:38:36,300 dev DEBUG [example.py:main]:     - Marketing -supports-> Digital Marketing -related_to-> Marketing
2026-03-25 22:38:36,300 dev DEBUG [example.py:main]:     - Marketing -related_to-> Digital Marketing -supports-> Marketing
2026-03-25 22:38:36,300 dev DEBUG [example.py:main]:     - Marketing -enables-> Social Media -relies_on-> Marketing
2026-03-25 22:38:36,300 dev DEBUG [example.py:main]:     - Marketing -relies_on-> Social Media
2026-03-25 22:38:36,301 dev DEBUG [example.py:main]:     - Marketing -enables-> Social Media
2026-03-25 22:38:36,301 dev DEBUG [example.py:main]: Query 2: Neighbors of 'Computer Vision' (depth 2)
2026-03-25 22:38:36,418 dev DEBUG [example.py:main]:   Entity: Computer Vision
2026-03-25 22:38:36,419 dev DEBUG [example.py:main]:   Neighbors (0):
2026-03-25 22:38:36,419 dev DEBUG [example.py:main]: Query 3: Batch query for multiple entities
2026-03-25 22:38:37,516 dev DEBUG [example.py:main]:   Marketing: 4 connections
2026-03-25 22:38:37,516 dev DEBUG [example.py:main]:   Data: 0 connections
2026-03-25 22:38:37,516 dev DEBUG [example.py:main]:   Social Media: 2 connections
2026-03-25 22:38:37,516 dev DEBUG [example.py:main]: Graph store ready for queries. Call graph_store.close() to disconnect.
2026-03-25 22:40:40,414 dev DEBUG [example.py:main]: Graph Summary:
2026-03-25 22:40:42,098 dev DEBUG [example.py:main]:   Nodes: 11
2026-03-25 22:40:42,099 dev DEBUG [example.py:main]:   Edges: 13
2026-03-25 22:40:42,099 dev DEBUG [example.py:main]:   Avg Degree: 2.36
2026-03-25 22:40:42,099 dev DEBUG [example.py:main]:   Relationship types: {'enables': 4, 'requires': 8, 'supports': 2, 'related_to': 4, 'relies_on': 4, 'similar_to': 2, 'influences': 2}
2026-03-25 22:40:42,099 dev DEBUG [example.py:main]:   Top entities: [('Digital Marketing', 4), ('Machine Learning', 3), ('Marketing', 3)]
2026-03-25 22:40:42,099 dev DEBUG [example.py:main]: Query 1: Relationships for 'Marketing'
2026-03-25 22:40:43,420 dev DEBUG [example.py:main]:   Incoming (0):
2026-03-25 22:40:43,420 dev DEBUG [example.py:main]:   Outgoing (3):
2026-03-25 22:40:43,420 dev DEBUG [example.py:main]:     Marketing --[supports]--> Digital Marketing
2026-03-25 22:40:43,420 dev DEBUG [example.py:main]:     Marketing --[related_to]--> Digital Marketing
2026-03-25 22:40:43,420 dev DEBUG [example.py:main]:     Marketing --[relies_on]--> Social Media
2026-03-25 22:40:43,421 dev DEBUG [example.py:main]:   Total connections: 3
2026-03-25 22:40:43,421 dev DEBUG [example.py:main]: Query 2: Neighbors of 'Marketing' (depth 2)
2026-03-25 22:40:43,742 dev DEBUG [example.py:main]:   Entity: Marketing
2026-03-25 22:40:43,742 dev DEBUG [example.py:main]:   Neighbors (4):
2026-03-25 22:40:43,742 dev DEBUG [example.py:main]:     - Marketing -supports-> Digital Marketing -requires-> Data Analysis
2026-03-25 22:40:43,743 dev DEBUG [example.py:main]:     - Marketing -related_to-> Digital Marketing -requires-> Data Analysis
2026-03-25 22:40:43,743 dev DEBUG [example.py:main]:     - Marketing -supports-> Digital Marketing
2026-03-25 22:40:43,743 dev DEBUG [example.py:main]:     - Marketing -related_to-> Digital Marketing
2026-03-25 22:40:43,743 dev DEBUG [example.py:main]:     - Marketing -relies_on-> Social Media -enables-> Digital Marketing
2026-03-25 22:40:43,743 dev DEBUG [example.py:main]:     - Marketing -supports-> Digital Marketing -related_to-> Marketing
2026-03-25 22:40:43,743 dev DEBUG [example.py:main]:     - Marketing -related_to-> Digital Marketing -supports-> Marketing
2026-03-25 22:40:43,743 dev DEBUG [example.py:main]:     - Marketing -relies_on-> Social Media
2026-03-25 22:40:43,743 dev DEBUG [example.py:main]:     - Marketing -supports-> Digital Marketing -enables-> Social Media
2026-03-25 22:40:43,743 dev DEBUG [example.py:main]:     - Marketing -related_to-> Digital Marketing -enables-> Social Media
2026-03-25 22:40:43,744 dev DEBUG [example.py:main]: Query 2: Neighbors of 'Computer Vision' (depth 2)
2026-03-25 22:40:44,045 dev DEBUG [example.py:main]:   Entity: Computer Vision
2026-03-25 22:40:44,045 dev DEBUG [example.py:main]:   Neighbors (0):
2026-03-25 22:40:44,046 dev DEBUG [example.py:main]: Query 3: Batch query for multiple entities
2026-03-25 22:40:47,019 dev DEBUG [example.py:main]:   Marketing: 3 connections
2026-03-25 22:40:47,019 dev DEBUG [example.py:main]:   Data: 0 connections
2026-03-25 22:40:47,019 dev DEBUG [example.py:main]:   Social Media: 2 connections
2026-03-25 22:40:47,019 dev DEBUG [example.py:main]: Graph store ready for queries. Call graph_store.close() to disconnect.
